[2024-02-18 08:00:00] INFO: Starting application...
[2024-02-18 08:01:00] WARNING: Configuration file not found. Using default settings.
[2024-02-18 08:02:00] INFO: Application initialized successfully.
[2024-02-18 08:03:00] INFO: Loading data from database...
[2024-02-18 08:04:00] WARNING: Database connection lost. Attempting to reconnect...
[2024-02-18 08:05:00] ERROR: Failed to load data. Database query timeout.
[2024-02-18 08:06:00] WARNING: Disk space low. Consider freeing up space.
[2024-02-18 08:07:00] ERROR: File not found: report.pdf
[2024-02-18 08:08:00] INFO: Retrieving latest updates...
[2024-02-18 08:09:00] WARNING: Network connection unstable. Retry in progress...
[2024-02-18 08:10:00] ERROR: Update failed. Server unreachable.
[2024-02-18 08:11:00] INFO: Cleanup complete.
[2024-02-18 08:12:00] WARNING: Temperature sensor failure detected.
[2024-02-18 08:13:00] ERROR: Critical system error. Application halted.
[2024-02-18 08:14:00] INFO: Shutting down application...
[2024-02-18 08:15:00] INFO: Application started.
[2024-02-18 08:16:00] INFO: Performing system health check...
[2024-02-18 08:17:00] WARNING: Disk usage above 90%. Cleanup recommended.
[2024-02-18 08:18:00] INFO: System health check completed.
[2024-02-18 08:19:00] INFO: Starting data processing...
[2024-02-18 08:20:00] WARNING: Insufficient memory available. Performance may be affected.
[2024-02-18 08:21:00] ERROR: Failed to process data. Out of memory.
[2024-02-18 08:22:00] WARNING: Sensor reading anomaly detected.
[2024-02-18 08:23:00] ERROR: Hardware malfunction detected. Sensor failure.
[2024-02-18 08:24:00] WARNING: Unexpected system behavior observed.
[2024-02-18 08:25:00] INFO: Data processing complete.
[2024-02-18 08:26:00] INFO: Generating report...
[2024-02-18 08:27:00] WARNING: Error encountered while generating report. Retry in progress...
[2024-02-18 08:28:00] ERROR: Report generation failed. Template not found.
[2024-02-18 08:29:00] WARNING: Application update available. Please install the latest version.
[2024-02-18 08:30:00] INFO: Application update in progress...
[2024-02-18 08:31:00] INFO: Application update completed successfully.
[2024-02-18 08:32:00] INFO: Restarting application...
[2024-02-18 08:33:00] INFO: Application restarted.
[2024-02-18 08:34:00] INFO: Performing system backup...
[2024-02-18 08:35:00] WARNING: Backup storage nearly full. Consider purging old backups.
[2024-02-18 08:36:00] INFO: System backup completed.
[2024-02-18 08:37:00] INFO: Application running smoothly.
[2024-02-18 08:38:00] WARNING: Application performance degradation observed.
[2024-02-18 08:39:00] ERROR: Critical error detected. Application unstable.
[2024-02-18 08:40:00] WARNING: Unexpected network behavior detected.
[2024-02-18 08:41:00] INFO: Application performance optimization underway...
[2024-02-18 08:42:00] INFO: Application performance optimization complete.
[2024-02-18 08:43:00] INFO: System maintenance in progress...
[2024-02-18 08:44:00] INFO: System maintenance completed. All services restored.
[2024-02-18 08:45:00] INFO: Application resumed normal operation.

